# JRE version: Java(TM) SE Runtime Environment (21.0.9+7) (build 21.0.9+7-LTS-338)
# Java VM: Java HotSpot(TM) 64-Bit Server VM (21.0.9+7-LTS-338, mixed mode, sharing, tiered, compressed oops, compressed class ptrs, g1 gc, windows-amd64)
GC Precious Log:
 CardTable entry size: 512
 Card Set container configuration: InlinePtr #cards 5 size 8 Array Of Cards #cards 12 size 40 Howl #buckets 4 coarsen threshold 1843 Howl Bitmap #cards 512 size 80 coarsen threshold 460 Card regions per heap region 1 cards per card region 2048
 CPUs: 8 total, 8 available
 Memory: 7883M
 Large Page Support: Disabled
 NUMA Support: Disabled
 Compressed Oops: Enabled (32-bit)
 Heap Region Size: 1M
 Heap Min Capacity: 8M
 Heap Initial Capacity: 124M
 Heap Max Capacity: 1972M
 Pre-touch: Disabled
 Parallel Workers: 8
 Concurrent Workers: 2
 Concurrent Refinement Workers: 8
 Periodic GC: Disabled
Heap:
 garbage-first heap   total 58368K, used 35411K [0x0000000084c00000, 0x0000000100000000)
  region size 1024K, 23 young (23552K), 3 survivors (3072K)
 Metaspace       used 27295K, committed 27712K, reserved 1114112K
  class space    used 3436K, committed 3648K, reserved 1048576K
GC Heap History (8 events):
Event: 2.637 GC heap before
{Heap before GC invocations=0 (full 0):
 garbage-first heap   total 126976K, used 24576K [0x0000000084c00000, 0x0000000100000000)
  region size 1024K, 23 young (23552K), 0 survivors (0K)
 Metaspace       used 6150K, committed 6336K, reserved 1114112K
  class space    used 705K, committed 768K, reserved 1048576K
}
Event: 2.645 GC heap after
{Heap after GC invocations=1 (full 0):
 garbage-first heap   total 126976K, used 8512K [0x0000000084c00000, 0x0000000100000000)
  region size 1024K, 3 young (3072K), 3 survivors (3072K)
 Metaspace       used 6150K, committed 6336K, reserved 1114112K
  class space    used 705K, committed 768K, reserved 1048576K
}
Event: 3.994 GC heap before
{Heap before GC invocations=1 (full 0):
 garbage-first heap   total 126976K, used 37184K [0x0000000084c00000, 0x0000000100000000)
  region size 1024K, 31 young (31744K), 3 survivors (3072K)
 Metaspace       used 13532K, committed 13888K, reserved 1114112K
  class space    used 1808K, committed 1984K, reserved 1048576K
}
Event: 4.002 GC heap after
{Heap after GC invocations=2 (full 0):
 garbage-first heap   total 126976K, used 10932K [0x0000000084c00000, 0x0000000100000000)
  region size 1024K, 3 young (3072K), 3 survivors (3072K)
 Metaspace       used 13532K, committed 13888K, reserved 1114112K
  class space    used 1808K, committed 1984K, reserved 1048576K
}
Event: 4.914 GC heap before
{Heap before GC invocations=2 (full 0):
 garbage-first heap   total 126976K, used 46772K [0x0000000084c00000, 0x0000000100000000)
  region size 1024K, 39 young (39936K), 3 survivors (3072K)
 Metaspace       used 21134K, committed 21504K, reserved 1114112K
  class space    used 2667K, committed 2880K, reserved 1048576K
}
Event: 4.922 GC heap after
{Heap after GC invocations=3 (full 0):
 garbage-first heap   total 126976K, used 15034K [0x0000000084c00000, 0x0000000100000000)
  region size 1024K, 7 young (7168K), 7 survivors (7168K)
 Metaspace       used 21134K, committed 21504K, reserved 1114112K
  class space    used 2667K, committed 2880K, reserved 1048576K
}
Event: 6.811 GC heap before
{Heap before GC invocations=4 (full 0):
 garbage-first heap   total 58368K, used 42682K [0x0000000084c00000, 0x0000000100000000)
  region size 1024K, 34 young (34816K), 7 survivors (7168K)
 Metaspace       used 24499K, committed 24896K, reserved 1114112K
  class space    used 3079K, committed 3264K, reserved 1048576K
}
Event: 6.825 GC heap after
{Heap after GC invocations=5 (full 0):
 garbage-first heap   total 58368K, used 16979K [0x0000000084c00000, 0x0000000100000000)
  region size 1024K, 3 young (3072K), 3 survivors (3072K)
 Metaspace       used 24499K, committed 24896K, reserved 1114112K
  class space    used 3079K, committed 3264K, reserved 1048576K
}

